[    0.000000] Linux version 4.15.0-43-generic (buildd@lgw01-amd64-001) (gcc version 7.3.0 (Ubuntu 7.3.0-16ubuntu3)) #46-Ubuntu SMP Thu Dec 6 14:45:28 UTC 2018 (Ubuntu 4.15.0-43.46-generic 4.15.18)
[    0.000000] Command line: BOOT_IMAGE=/boot/vmlinuz-4.15.0-43-generic root=LABEL=cloudimg-rootfs ro console=tty1 console=ttyS0
[    0.000000] KERNEL supported cpus:
[    0.000000]   Intel GenuineIntel
[    0.000000]   AMD AuthenticAMD
[    0.000000]   Centaur CentaurHauls
[    0.000000] x86/fpu: Supporting XSAVE feature 0x001: 'x87 floating point registers'
[    0.000000] x86/fpu: Supporting XSAVE feature 0x002: 'SSE registers'
[    0.000000] x86/fpu: Supporting XSAVE feature 0x004: 'AVX registers'
[    0.000000] x86/fpu: xstate_offset[2]:  576, xstate_sizes[2]:  256
[    0.000000] x86/fpu: Enabled xstate features 0x7, context size is 832 bytes, using 'standard' format.
[    0.000000] e820: BIOS-provided physical RAM map:
[    0.000000] BIOS-e820: [mem 0x0000000000000000-0x000000000009fbff] usable
[    0.000000] BIOS-e820: [mem 0x000000000009fc00-0x000000000009ffff] reserved
[    0.000000] BIOS-e820: [mem 0x00000000000f0000-0x00000000000fffff] reserved
[    0.000000] BIOS-e820: [mem 0x0000000000100000-0x000000005dbeffff] usable
[    0.000000] BIOS-e820: [mem 0x000000005dbf0000-0x000000005dbfffff] ACPI data
[    0.000000] BIOS-e820: [mem 0x00000000fec00000-0x00000000fec00fff] reserved
[    0.000000] BIOS-e820: [mem 0x00000000fee00000-0x00000000fee00fff] reserved
[    0.000000] BIOS-e820: [mem 0x00000000fffc0000-0x00000000ffffffff] reserved
[    0.000000] NX (Execute Disable) protection: active
[    0.000000] SMBIOS 2.5 present.
[    0.000000] DMI: innotek GmbH VirtualBox/VirtualBox, BIOS VirtualBox 12/01/2006
[    0.000000] Hypervisor detected: KVM
[    0.000000] e820: last_pfn = 0x5dbf0 max_arch_pfn = 0x400000000
[    0.000000] MTRR: Disabled
[    0.000000] x86/PAT: MTRRs disabled, skipping PAT initialization too.
[    0.000000] CPU MTRRs all blank - virtualized system.
[    0.000000] x86/PAT: Configuration [0-7]: WB  WT  UC- UC  WB  WT  UC- UC  
[    0.000000] found SMP MP-table at [mem 0x0009fff0-0x0009ffff] mapped at [        (ptrval)]
[    0.000000] Scanning 1 areas for low memory corruption
[    0.000000] RAMDISK: [mem 0x35ae1000-0x36d67fff]
[    0.000000] ACPI: Early table checksum verification disabled
[    0.000000] ACPI: RSDP 0x00000000000E0000 000024 (v02 VBOX  )
[    0.000000] ACPI: XSDT 0x000000005DBF0030 00003C (v01 VBOX   VBOXXSDT 00000001 ASL  00000061)
[    0.000000] ACPI: FACP 0x000000005DBF00F0 0000F4 (v04 VBOX   VBOXFACP 00000001 ASL  00000061)
[    0.000000] ACPI: DSDT 0x000000005DBF0470 0021FF (v02 VBOX   VBOXBIOS 00000002 INTL 20180105)
[    0.000000] ACPI: FACS 0x000000005DBF0200 000040
[    0.000000] ACPI: FACS 0x000000005DBF0200 000040
[    0.000000] ACPI: APIC 0x000000005DBF0240 00005C (v02 VBOX   VBOXAPIC 00000001 ASL  00000061)
[    0.000000] ACPI: SSDT 0x000000005DBF02A0 0001CC (v01 VBOX   VBOXCPUT 00000002 INTL 20180105)
[    0.000000] No NUMA configuration found
[    0.000000] Faking a node at [mem 0x0000000000000000-0x000000005dbeffff]
[    0.000000] NODE_DATA(0) allocated [mem 0x5dbc5000-0x5dbeffff]
[    0.000000] kvm-clock: cpu 0, msr 0:5db44001, primary cpu clock
[    0.000000] kvm-clock: Using msrs 4b564d01 and 4b564d00
[    0.000000] kvm-clock: using sched offset of 3420270933 cycles
[    0.000000] clocksource: kvm-clock: mask: 0xffffffffffffffff max_cycles: 0x1cd42e4dffb, max_idle_ns: 881590591483 ns
[    0.000000] Zone ranges:
[    0.000000]   DMA      [mem 0x0000000000001000-0x0000000000ffffff]
[    0.000000]   DMA32    [mem 0x0000000001000000-0x000000005dbeffff]
[    0.000000]   Normal   empty
[    0.000000]   Device   empty
[    0.000000] Movable zone start for each node
[    0.000000] Early memory node ranges
[    0.000000]   node   0: [mem 0x0000000000001000-0x000000000009efff]
[    0.000000]   node   0: [mem 0x0000000000100000-0x000000005dbeffff]
[    0.000000] Initmem setup node 0 [mem 0x0000000000001000-0x000000005dbeffff]
[    0.000000] Reserved but unavailable: 98 pages
[    0.000000] ACPI: PM-Timer IO Port: 0x4008
[    0.000000] IOAPIC[0]: apic_id 2, version 32, address 0xfec00000, GSI 0-23
[    0.000000] ACPI: INT_SRC_OVR (bus 0 bus_irq 0 global_irq 2 dfl dfl)
[    0.000000] ACPI: INT_SRC_OVR (bus 0 bus_irq 9 global_irq 9 low level)
[    0.000000] Using ACPI (MADT) for SMP configuration information
[    0.000000] smpboot: Allowing 2 CPUs, 0 hotplug CPUs
[    0.000000] PM: Registered nosave memory: [mem 0x00000000-0x00000fff]
[    0.000000] PM: Registered nosave memory: [mem 0x0009f000-0x0009ffff]
[    0.000000] PM: Registered nosave memory: [mem 0x000a0000-0x000effff]
[    0.000000] PM: Registered nosave memory: [mem 0x000f0000-0x000fffff]
[    0.000000] e820: [mem 0x5dc00000-0xfebfffff] available for PCI devices
[    0.000000] Booting paravirtualized kernel on KVM
[    0.000000] clocksource: refined-jiffies: mask: 0xffffffff max_cycles: 0xffffffff, max_idle_ns: 7645519600211568 ns
[    0.000000] random: get_random_bytes called from start_kernel+0x99/0x4fd with crng_init=0
[    0.000000] setup_percpu: NR_CPUS:8192 nr_cpumask_bits:2 nr_cpu_ids:2 nr_node_ids:1
[    0.000000] percpu: Embedded 46 pages/cpu @        (ptrval) s151552 r8192 d28672 u1048576
[    0.000000] PV qspinlock hash table entries: 256 (order: 0, 4096 bytes)
[    0.000000] Built 1 zonelists, mobility grouping on.  Total pages: 3765
[    0.000000] Policy zone: DMA32
[    0.000000] Kernel command line: BOOT_IMAGE=/boot/vmlinuz-4.15.0-43-generic root=LABEL=cloudimg-rootfs ro console=tty1 console=ttyS0
[    0.000000] Memory: 1462844K/1535544K available (12300K kernel code, 2472K rwdata, 4252K rodata, 2408K init, 2416K ss 72700K reserved, 0K cma-reserved)
[    0.000000] SLUB: HWalign=64, Order=0-3, MinObjects=0, CPUs=2, Nodes=1
[    0.000000] Kernel/User page tables isolation: enabled
[    0.000000] ftrace: allocating 39186 entries in 154 pages
[    0.004000] Hierarchical RCU implementation.
[    0.004000] 	RCU restricting CPUs from NR_CPUS=8192 to nr_cpu_ids=2.
[    0.004000] 	Tasks RCU enabled.
[    0.004000] RCU: Adjusting geometry for rcu_fanout_leaf=16, nr_cpu_ids=2
[    0.004000] NR_IRQS: 524544, nr_irqs: 440, preallocated irqs: 16
[    0.004000] Console: colour VGA+ 80x25
[    0.004000] console [tty1] enabled
[    0.004000] console [ttyS0] enabled
[    0.004000] ACPI: Core revision 20170831
[    0.004000] ACPI: 2 ACPI AML tables successfully acquired and loaded
[    0.004000] APIC: Switch to symmetric I/O mode setup
[    0.004000] x2apic enabled
[    0.004000] Switched APIC routing to physical x2apic.
[    0.004000] ..TIMER: vector=0x30 apic1=0 pin1=2 apic2=-1 pin2=-1
[    0.004000] tsc: Detected 2904.000 MHz processor
[    0.004000] Calibrating delay loop (skipped) preset value.. 5808.00 BogoMIPS (lpj=11616000)
[    0.004003] pid_max: default: 32768 minimum: 301
[    0.004542] Security Framework initialized
[    0.005008] Yama: becoming mindful.
[    0.005463] AppArmor: AppArmor initialized
[    0.006559] Dentry cache hash table entries: 262144 (order: 9, 2097152 bytes)
[    0.008515] Inode-cache hash table entries: 131072 (order: 8, 1048576 bytes)
[    0.009294] Mount-cache hash table entries: 4096 (order: 3, 32768 bytes)
[    0.010020] Mountpoint-cache hash table entries: 4096 (order: 3, 32768 bytes)
[    0.010980] mce: CPU supports 0 MCE banks
[    0.011469] Last level iTLB entries: 4KB 64, 2MB 8, 4MB 8
[    0.012001] Last level dTLB entries: 4KB 64, 2MB 0, 4MB 0, 1GB 4
[    0.012749] Spectre V2 : Mitigation: Full generic retpoline
[    0.013365] Spectre V2 : Spectre v2 / SpectreRSB mitigation: Filling RSB on context switch
[    0.014261] Speculative Store Bypass: Vulnerable
[    0.014844] Freeing SMP alternatives memory: 36K
[    0.020000] smpboot: CPU0: Intel(R) Core(TM) i7-7820HQ CPU @ 2.90GHz (family: 0x6, model: 0x9e, stepping: 0x9)
[    0.020077] Performance Events: unsupported p6 CPU model 158 no PMU driver, software events only.
[    0.024049] Hierarchical SRCU implementation.
[    0.028510] NMI watchdog: Perf event create on CPU 0 failed with -2
[    0.032002] NMI watchdog: Perf NMI watchdog permanently disabled
[    0.032732] smp: Bringing up secondary CPUs ...
[    0.036055] x86: Booting SMP configuration:
[    0.036549] .... node  #0, CPUs:      #1
[    0.004000] kvm-clock: cpu 1, msr 0:5db44041, secondary cpu clock
[    0.004000] mce: CPU supports 0 MCE banks
[    0.040018] smp: Brought up 1 node, 2 CPUs
[    0.040509] smpboot: Max logical packages: 1
[    0.041007] smpboot: Total of 2 processors activated (11616.00 BogoMIPS)
[    0.041838] devtmpfs: initialized
[    0.041838] x86/mm: Memory block size: 128MB
[    0.041838] evm: security.selinux
[    0.041838] evm: security.SMACK64
[    0.044003] evm: security.SMACK64EXEC
[    0.044431] evm: security.SMACK64TRANSMUTE
[    0.044897] evm: security.SMACK64MMAP
[    0.045323] evm: security.apparmor
[    0.045724] evm: security.ima
[    0.046084] evm: security.capability
[    0.046525] clocksource: jiffies: mask: 0xffffffff max_cycles: 0xffffffff, max_idle_ns: 7645041785100000 ns
[    0.048006] futex hash table entries: 512 (order: 3, 32768 bytes)
[    0.052095] pinctrl core: initialized pinctrl subsystem
[    0.056119] RTC time: 10:47:59, date: 02/01/19
[    0.060107] NET: Registered protocol family 16
[    0.060724] audit: initializing netlink subsys (disabled)
[    0.064023] audit: type=2000 audit(1549018082.482:1): state=initialized audit_enabled=0 res=1
[    0.065168] cpuidle: using governor ladder
[    0.068015] cpuidle: using governor menu
[    0.072043] ACPI: bus type PCI registered
[    0.072579] acpiphp: ACPI Hot Plug PCI Controller Driver version: 0.5
[    0.076106] PCI: Using configuration type 1 for base access
[    0.080964] HugeTLB registered 2.00 MiB page size, pre-allocated 0 pages
[    0.081055] ACPI: Added _OSI(Module Device)
[    0.084006] ACPI: Added _OSI(Processor Device)
[    0.084656] ACPI: Added _OSI(3.0 _SCP Extensions)
[    0.085318] ACPI: Added _OSI(Processor Aggregator Device)
[    0.086047] ACPI: Added _OSI(Linux-Dell-Video)
[    0.086668] ACPI: Added _OSI(Linux-Lenovo-NV-HDMI-Audio)
[    0.087679] ACPI: Executed 1 blocks of module-level executable AML code
[    0.093271] ACPI: Interpreter enabled
[    0.093775] ACPI: (supports S0 S5)
[    0.094227] ACPI: Using IOAPIC for interrupt routing
[    0.095038] PCI: Using host bridge windows from ACPI; if necessary, use "pci=nocrs" and report a bug
[    0.096120] ACPI: Enabled 2 GPEs in block 00 to 07
[    0.101388] ACPI: PCI Root Bridge [PCI0] (domain 0000 [bus 00-ff])
[    0.104010] acpi PNP0A03:00: _OSC: OS supports [ASPM ClockPM Segments MSI]
[    0.104784] acpi PNP0A03:00: _OSC: not requesting OS control; OS requires [ExtendedConfig ASPM ClockPM MSI]
[    0.105894] acpi PNP0A03:00: fail to add MMCONFIG information, can't access extended PCI configuration space under this bridge.
[    0.107371] PCI host bridge to bus 0000:00
[    0.108003] pci_bus 0000:00: root bus resource [io  0x0000-0x0cf7 window]
[    0.108752] pci_bus 0000:00: root bus resource [io  0x0d00-0xffff window]
[    0.109474] pci_bus 0000:00: root bus resource [mem 0x000a0000-0x000bffff window]
[    0.110329] pci_bus 0000:00: root bus resource [mem 0x5dc00000-0xfdffffff window]
[    0.111188] pci_bus 0000:00: root bus resource [bus 00-ff]
[    0.113224] pci 0000:00:01.1: legacy IDE quirk: reg 0x10: [io  0x01f0-0x01f7]
[    0.114012] pci 0000:00:01.1: legacy IDE quirk: reg 0x14: [io  0x03f6]
[    0.114706] pci 0000:00:01.1: legacy IDE quirk: reg 0x18: [io  0x0170-0x0177]
[    0.115520] pci 0000:00:01.1: legacy IDE quirk: reg 0x1c: [io  0x0376]
[    0.128802] pci 0000:00:07.0: quirk: [io  0x4000-0x403f] claimed by PIIX4 ACPI
[    0.132011] pci 0000:00:07.0: quirk: [io  0x4100-0x410f] claimed by PIIX4 SMB
[    0.141172] ACPI: PCI Interrupt Link [LNKA] (IRQs 5 9 10 *11)
[    0.142106] ACPI: PCI Interrupt Link [LNKB] (IRQs 5 9 *10 11)
[    0.142843] ACPI: PCI Interrupt Link [LNKC] (IRQs 5 *9 10 11)
[    0.143608] ACPI: PCI Interrupt Link [LNKD] (IRQs 5 9 10 *11)
[    0.144299] SCSI subsystem initialized
[    0.144834] pci 0000:00:02.0: vgaarb: setting as boot VGA device
[    0.144834] pci 0000:00:02.0: vgaarb: VGA device added: decodes=io+mem,owns=io+mem,locks=none
[    0.145651] pci 0000:00:02.0: vgaarb: bridge control possible
[    0.146345] vgaarb: loaded
[    0.148042] ACPI: bus type USB registered
[    0.148547] usbcore: registered new interface driver usbfs
[    0.149148] usbcore: registered new interface driver hub
[    0.149739] usbcore: registered new device driver usb
[    0.150329] EDAC MC: Ver: 3.0.0
[    0.150329] PCI: Using ACPI for IRQ routing
[    0.150329] NetLabel: Initializing
[    0.152010] NetLabel:  domain hash size = 128
[    0.152535] NetLabel:  protocols = UNLABELED CIPSOv4 CALIPSO
[    0.153227] NetLabel:  unlabeled traffic allowed by default
[    0.153847] clocksource: Switched to clocksource kvm-clock
[    0.160937] VFS: Disk quotas dquot_6.6.0
[    0.161471] VFS: Dquot-cache hash table entries: 512 (order 0, 4096 bytes)
[    0.162439] AppArmor: AppArmor Filesystem Enabled
[    0.162985] pnp: PnP ACPI init
[    0.164174] pnp: PnP ACPI: found 3 devices
[  0732]losoceac_p mask: 0xffffff max_cycles: 0xffffff, max_idle_ns: 2085701024 ns
[    0.542501] NET: Registered protocol family 2

[    0.543210] TCP established hash table entries: 16384 (order: 5, 131072 bytes)
[    0.555623] TCP bind hash table entries: 16384 (order: 6, 262144 bytes)
[    0.556893] TCP: Hash tables configured (established 16384 bind 16384)
[    0.557708] UDP hash table trs:1024 (order: 3, 32768 bytes)
[    0.705321] UDP-Lite hash table entries: 1024 (order: 3, 32768 bytes)
[    0.706135] NET: Registered protocol family 1
[    0.706653] pci 0000:00:00.0: Limiting direct PCI/PCI transfers
[    0.707328] pci 0000:00:01.0: Activating ISA DMA hang workarounds
[    0.708059] pci 0000:00:02.0: Video device with shadowed ROM at [mem 0x000c0000-0x000dffff]
[    0.709069] Unpacking initramfs...
[    0.918808] Freeing initrd memory: 18972K
[    0.967029] platform rtc_cmos: registered platform RTC device (no PNP device found)
[    0.968034] Scanning for low memory corruption every 60 seconds
[    1.074028] Initialise system trusted keyrings
[    1.074581] Key type blacklist registered
[    1.075129] workingset: timestamp_bits=36 max_order=19 bucket_order=0
[    1.076544] zbud: loaded
[    1.077208] squashfs: version 4.0 (2009/01/31) Phillip Lougher
[    1.078074] fuse init (API version 7.26)
[    1.080207] Key type asymmetric registered
[    1.080717] Asymmetric key parser 'x509' registered
[    1.081278] Block layer SCSI generic (bsg) driver version 0.4 loaded (major 246)
[    1.082207] io scheduler noop registered
[    1.082660] io scheduler deadline registered
[    1.083163] io scheduler cfq registered (default)
[    1.083882] ACPI: AC Adapter [AC] (on-line)
[    1.084461] input: Power Button as /devices/LNXSYSTM:00/LNXPWRBN:00/input/input0
[    1.085361] ACPI: Power Button [PWRF]
[    1.085871] input: Sleep Button as /devices/LNXSYSTM:00/LNXSLPBN:00/input/input1
[    1.122315] ACPI: Sleep Button [SLPF]
[    1.124092] ACPI: Battery Slot [BAT0] (battery present)
[    1.124146] Serial: 8250/16550 driver, 32 ports, IRQ sharing enabled
[    1.146530] 00:02: ttyS0 at I/O 0x3f8 (irq = 4, base_baud = 115200) is a 16550A
[    1.336331] Linux agpgart interface v0.103
[    1.338155] loop: module loaded
[    1.339128] scsi host0: ata_piix
[    1.339849] scsi host1: ata_piix
[    1.340371] ata1: PATA max UDMA/33 cmd 0x1f0 ctl 0x3f6 bmdma 0xd000 irq 14
[    1.341474] ata2: PATA max UDMA/33 cmd 0x170 ctl 0x376 bmdma 0xd008 irq 15
[    1.342422] libphy: Fixed MDIO Bus: probed
[    1.343080] tun: Universal TUN/TAP device driver, 1.6
[    1.343775] PPP generic driver version 2.4.2
[    1.344388] ehci_hcd: USB 2.0 'Enhanced' Host Controller (EHCI) Driver
[    1.345229] ehci-pci: EHCI PCI platform driver
[    1.345835] ehci-platform: EHCI generic platform driver
[    1.346547] ohci_hcd: USB 1.1 'Open' Host Controller (OHCI) Driver
[    1.347324] ohci-pci: OHCI PCI platform driver
[    1.347923] ohci-platform: OHCI generic platform driver
[    1.348580] uhci_hcd: USB Universal Host Controller Interface driver
[    1.349377] i8042: PNP: PS/2 Controller [PNP0303:PS2K,PNP0f03:PS2M] at 0x60,0x64 irq 1,12
[    1.350793] serio: i8042 KBD port at 0x60,0x64 irq 1
[    1.351378] serio: i8042 AUX port at 0x60,0x64 irq 12
[    1.351989] mousedev: PS/2 mouse device common for all mice
[    1.352887] input: AT Translated Set 2 keyboard as /devices/platform/i8042/serio0/input/input2
[    1.354103] rtc_cmos rtc_cmos: rtc core: registered rtc_cmos as rtc0
[    1.354903] rtc_cmos rtc_cmos: alarms up to one day, 114 bytes nvram
[    1.355657] i2c /dev entries driver
[    1.356237] pcie_mp2_amd: AMD(R) PCI-E MP2 Communication Driver Version: 1.0
[    1.357099] device-mapper: uevent: version 1.0.3
[    1.357690] device-mapper: ioctl: 4.37.0-ioctl (2017-09-20) initialised: dm-devel@redhat.com
[    1.358895] ledtrig-cpu: registered to indicate activity on CPUs
[    1.359994] NET: Registered protocol family 10
[    1.363327] Segment Routing with IPv6
[    1.363829] NET: Registered protocol family 17
[    1.364439] Key type dns_resolver registered
[    1.365172] RAS: Correctable Errors collector initialized.
[    1.365879] sched_clock: Marking stable (1365114083, 0)->(3273984489, -1908870406)
[    1.367071] registered taskstats version 1
[    1.367603] Loading compiled-in X.509 certificates
[    1.370043] Loaded X.509 cert 'Build time autogenerated kernel key: 6afcca3ddc80072aeae87585a7fdb65d40603f58'
[    1.439390] zswap: loaded using pool lzo/zbud
[    1.443303] Key type big_key registered
[    1.655245] Key type trusted registered
[    1.826345] Key type encrypted registered
[    1.845440] AppArmor: AppArmor sha1 policy hashing enabled
[    1.846090] ima: No TPM chip found, activating TPM-bypass! (rc=-19)
[    1.846788] ima: Allocated hash algorithm: sha1
[    1.847323] evm: HMAC attrs: 0x1
[    1.847913]   Magic number: 7:344:779
[    1.848475] rtc_cmos rtc_cmos: setting system clock to 2019-02-01 10:48:01 UTC (1549018081)
[    1.849537] BIOS EDD facility v0.16 2004-Jun-25, 0 devices found
[    1.850191] EDD information not available.
[    1.852613] Freeing unused kernel memory: 2408K
[    1.864080] Write protecting the kernel read-only data: 20480k
[    1.865167] Freeing unused kernel memory: 2008K
[    1.868120] Freeing unused kernel memory: 1892K
[    1.872766] x86/mm: Checked W+X mappings: passed, no W+X pages found.
[    1.873473] x86/mm: Checking user space page tables
[    1.878087] x86/mm: Checked W+X mappings: passed, no W+X pages found.
Loading, please wait...
starting version 237
[    1.979176] Fusion MPT base driver 3.04.20
[    2.104887] Copyright (c) 1999-2008 LSI Corporation
[    2.110593] tsc: Refined TSC clocksource calibration: 2904.813 MHz
[    2.110597] clocksource: tsc: mask: 0xffffffffffffffff max_cycles: 0x29df05fcf31, max_idle_ns: 440795311827 ns
[    2.198307] Fusion MPT SPI Host driver 3.04.20
[    2.201636] AVX2 version of gcm_enc/dec engaged.
[    2.201824] e1000: Intel(R) PRO/1000 Network Driver - version 7.3.21-k8-NAPI
[    2.201825] e1000: Copyright (c) 1999-2006 Intel Corporation.
[    2.202264] mptbase: ioc0: Initiating bringup
[    2.210576] AES CTR mode by8 optimization enabled
[    2.296806] ioc0: LSI53C1030 A0: Capabilities={Initiator}
[    2.401306] input: ImExPS/2 Generic Explorer Mouse as /devices/platform/i8042/serio1/input/input4
[    2.602717] scsi host2: ioc0: LSI53C1030 A0, FwRev=00000000h, Ports=1, MaxQ=256, IRQ=20
[    3.021804] scsi 2:0:0:0: Direct-Access     VBOX     HARDDISK         1.0  PQ: 0 ANSI: 5
[    3.148080] scsi target2:0:0: Beginning Domain Validation
[    3.149829] scsi target2:0:0: Domain Validation skipping write tests
[    3.151780] scsi target2:0:0: Ending Domain Validation
[    3.152522] scsi target2:0:0: asynchronous
[    3.153382] scsi 2:0:1:0: Direct-Access     VBOX     HARDDISK         1.0  PQ: 0 ANSI: 5
[    3.373245] scsi target2:0:1: Beginning Domain Validation
[    3.400972] e1000 0000:00:03.0 eth0: (PCI:33MHz:32-bit) 02:fc:ab:43:0a:1b
[    3.400976] e1000 0000:00:03.0 eth0: Intel(R) PRO/1000 Network Connection
[    3.464190] random: fast init done
[    3.464678] scsi target2:0:1: Domain Validation skipping write tests
[    3.465458] scsi target2:0:1: Ending Domain Validation
[    3.466177] scsi target2:0:1: asynchronous
[    3.469144] random: systemd-udevd: uninitialized urandom read (16 bytes read)
[    3.470112] random: systemd-udevd: uninitialized urandom read (16 bytes read)
[    3.471014] random: systemd-udevd: uninitialized urandom read (16 bytes read)
[    3.472134] sd 2:0:0:0: [sda] 20971520 512-byte logical blocks: (10.7 GB/10.0 GiB)
[    3.473128] sd 2:0:0:0: [sda] Write Protect is off
[    3.473845] sd 2:0:0:0: [sda] Incomplete mode parameter data
[    3.474588] sd 2:0:0:0: [sda] Assuming drive cache: write through
[    3.477744] sd 2:0:0:0: Attached scsi generic sg0 type 0
[    3.481721] sd 2:0:1:0: [sdb] 20480 512-byte logical blocks: (10.5 MB/10.0 MiB)
[    3.482631] sd 2:0:1:0: [sdb] Write Protect is off
[    3.483306] sd 2:0:1:0: [sdb] Incomplete mode parameter data
[    3.483970] sd 2:0:1:0: [sdb] Assuming drive cache: write through
[    3.485456] sd 2:0:1:0: Attached scsi generic sg1 type 0
[    3.488052]  sda: sda1
[    3.489838] sd 2:0:0:0: [sda] Attached SCSI disk
[    3.497106] sd 2:0:1:0: [sdb] Attached SCSI disk
[    3.751252] e1000 0000:00:08.0 eth1: (PCI:33MHz:32-bit) 08:00:27:4d:e7:e5
[    3.875625] e1000 0000:00:08.0 eth1: Intel(R) PRO/1000 Network Connection
[    3.877058] e1000 0000:00:03.0 enp0s3: renamed from eth0
[    3.897484] e1000 0000:00:08.0 enp0s8: renamed from eth1
Begin: Loading essential drivers ... [    5.325044] raid6: sse2x1   gen() 13972 MB/s
[    5.440268] raid6: sse2x1   xor()  8750 MB/s
[    5.495083] raid6: sse2x2   gen() 15942 MB/s
[    5.715071] raid6: sse2x2   xor() 10809 MB/s
[    5.995085] raid6: sse2x4   gen() 18682 MB/s
[    6.285019] raid6: sse2x4   xor() 12261 MB/s
[    6.355102] raid6: avx2x1   gen() 27398 MB/s
[    6.485069] raid6: avx2x1   xor() 16889 MB/s
[    6.715104] raid6: avx2x2   gen() 31602 MB/s
[    6.817545] raid6: avx2x2   xor() 20107 MB/s
[    7.055107] raid6: avx2x4   gen() 40042 MB/s
[    7.415085] raid6: avx2x4   xor() 22272 MB/s
[    7.505486] raid6: using algorithm avx2x4 gen() 40042 MB/s
[    7.506292] raid6: .... xor() 22272 MB/s, rmw enabled
[    7.507038] raid6: using avx2x2 recovery algorithm
[    7.509130] xor: automatically using best checksumming function   avx       
[    7.511574] async_tx: api initialized (async)
done.
Begin: Running /scripts/init-premount ... done.
Begin: Mounting root file system ... Begin: Running /scripts/local-top ... done.
Begin: Running /scr[    7.551280] Btrfs loaded, crc32c=crc32c-intel
ipts/local-premount ... Scanning for Btrfs filesystems
done.
Warning: fsck not present, so skipping root file system
[    7.586108] EXT4-fs (sda1): mounted filesystem with ordered data mode. Opts: (null)
done.
Begin: Running /scripts/local-bottom ... done.
Begin: Running /scripts/init-bottom ... done.
[    7.813652] ip_tables: (C) 2000-2006 Netfilter Core Team
[    7.994821] systemd[1]: systemd 237 running in system mode. (+PAM +AUDIT +SELINUX +IMA +APPARMOR +SMACK +SYSVINIT +UTMP +LIBCRYPTSETUP +GCRYPT +GNUTLS +ACL +XZ +LZ4 +SECCOMP +BLKID +ELFUTILS +KMOD -IDN2 +IDN -PCRE2 default-hierarchy=hybrid)
[    8.568127] systemd[1]: Detected virtualization oracle.
[    8.569040] systemd[1]: Detected architecture x86-64.

Welcome to [1mUbuntu 18.04.1 LTS[0m!

[    8.713721] systemd[1]: Set hostname to <ubuntu>.
[    9.141697] systemd[1]: Initializing machine ID from random generator.
[    9.626850] systemd[1]: Installed transient /etc/machine-id file.
[    9.928605] systemd[1]: Reached target System Time Synchronized.
[[0;32m  OK  [0m] Reached target System Time Synchronized.
[   10.587393] systemd[1]: Started Forward Password Requests to Wall Directory Watch.
[[0;32m  OK  [0m] Started Forward Password Requests to Wall Directory Watch.
[   10.590462] systemd[1]: Created slice User and Session Slice.
[[0;32m  OK  [0m] Created slice User and Session Slice.
[   10.591782] systemd[1]: Reached target User and Group Name Lookups.
[[0;32m  OK  [0m] Reached target User and Group Name Lookups.
[[0;32m  OK  [0m] Reached target Swap.
[[0;32m  OK  [0m] Set up automount Arbitrary Executab…rmats File System Automount Point.
[[0;32m  OK  [0m] Created slice System Slice.
[[0;32m  OK  [0m] Listening on udev Control Socket.
[[0;32m  OK  [0m] Listening on LVM2 metadata daemon socket.
[[0;32m  OK  [0m] Listening on Journal Audit Socket.
[[0;32m  OK  [0m] Listening on Journal Socket.
         Mounting Kernel Debug File System...
         Starting Remount Root and Kernel File Systems...
         Starting Create list of required st…ce nodes for the current kernel...
[[0;32m  OK  [0m] Listening on Device-mapper event daemon FIFOs.
         Starting Monitoring of LVM2 mirrors…ng dmeventd or progress polling...
[[0;32m  OK  [0m] Listening on LVM2 poll daemon socket.
         Mounting POSIX Message Queue File System...
[[0;32m  OK  [0m] Listening on Journal Socket (/dev/log).
[[0;32m  OK  [0m] Listening on /dev/initctl Compatibility Named Pipe.
[[0;32m  OK  [0m] Listening on Network Service Netlink Socket.
[[0;32m  OK  [0m] Listening on udev Kernel Socket.
         Starting udev Coldplug all Devices...
[[0;32m  OK  [0m] Created slice system-serial\x2dgetty.slice.
         Mounting Huge Pages File System...
[[0;32m  OK  [0m] Listening on Syslog Socket.
         Starting Journal Service...
         Starting Uncomplicated firewall...
         Starting Load Kernel Modules...[   10.793187] Loading iSCSI transport class v2.0-870.

[   10.826092] EXT4-fs (sda1): re-mounted. Opts: (null)
[[0;32m  OK  [0m] Reached target Slices.
         Starting Set the console keyboard layout...
[[0;32m  OK  [[   10.835106] iscsi: registered transport (tcp)
0m] Started Journal Service.
[[0;32m  OK  [0m] Mounted Kernel Debug File System.
[[0;32m  OK  [0m] Started Remount Root and Ker[   10.952606] iscsi: registered transport (iser)
nel File Systems.
[[0;32m  OK  [0m] Started Create list of required sta…vice nodes for the current kernel.
[[0;32m  OK  [0m] Mounted POSIX Message Queue File System.
[[0;32m  OK  [0m] Mounted Huge Pages File System.
[[0;32m  OK  [0m] Started Uncomplicated firewall.
[[0;32m  OK  [0m] Started Load Kernel Modules.
[[0;32m  OK  [0m] Started LVM2 metadata daemon.
         Mounting FUSE Control File System...
         Mounting Kernel Configuration File System...
         Starting Apply Kernel Variables...
         Starting Create Static Device Nodes in /dev...
         Starting Load/Save Random Seed...
         Starting Initial cloud-init job (pre-networking)...
         Starting Flush Journal to Persistent Storage...
[[0;32m  OK  [0m] Started udev Coldplug all Devices.
[[0;32m  OK  [0m] Mounted FUSE Control File System.
[[0;32m  OK  [0m] Mounted Kernel Configuration File System.
[[0;32m  OK  [0m] Started Create Static Device Nodes in /dev.
         Starting udev Kernel Device Manager...
[[0;32m  OK  [0m] Started Load/Save Random Seed.
[[0;32m  OK  [0m] Started Monitoring of LVM2 mirrors,…sing dmeventd or progress polling.
[[0;32m  OK  [0m] Started Apply Kernel Variables.
[[0;32m  OK  [0m] Started udev Kernel Device Manager.
[[0;32m  OK  [0m] Started Flush Journal to Persistent Storage.
[[0;32m  OK  [0m] Found device /dev/ttyS0.
[[0;32m  OK  [0m] Listening on Load/Save RF Kill Switch Status /dev/rfkill Watch.
[[0;32m  OK  [0m] Started Set the console keyboard layout.
[[0;32m  OK  [0m] Started Dispatch Password Requests to Console Directory Watch.
[[0;32m  OK  [0m] Reached target Local Encrypted Volumes.
[[0;32m  OK  [0m] Reached target Local File Systems (Pre).
[[0;32m  OK  [0m] Reached target Local File Systems.
         Starting Commit a transient machine-id on disk...
         Starting Create Volatile Files and Directories...
         Starting AppArmor initialization...
         Starting ebtables ruleset management...
         Starting Tell Plymouth To Write Out Runtime Data...
         Starting Set console font and keymap...
[[0;32m  OK  [0m] Started Create Volatile Files and Directories.
         Starting Update UTMP about System Boot/Shutdown...
[[0;32m  OK  [0m] Started Commit a transient machine-id on disk.
[[0;32m  OK  [0m] Started Tell Plymouth To Write Out Runtime Data.
[[0;32m  OK  [0m] Started Update UTMP about System Boot/Shutdown.
[[0;32m  OK  [0m] Started ebtables ruleset management.
[   12.776475] cloud-init[412]: Cloud-init v. 18.4-0ubuntu1~18.04.1 running 'init-local' at Fri, 01 Feb 2019 10:48:11 +0000. Up 12.28 seconds.
[[0;32m  OK  [0m] Started Initial cloud-init job (pre-networking).
[[0;32m  OK  [0m] Reached target Network (Pre).
         Starting Network Service...
[[0;32m  OK  [0m] Started Network Service.
         Starting Network Name Resolution...
         Starting Wait for Network to be Configured...
[[0;32m  OK  [0m] Started Network Name Resolution.
[[0;32m  OK  [0m] Reached target Host and Network Name Lookups.
[[0;32m  OK  [0m] Reached target Network.
[[0;32m  OK  [0m] Started AppArmor initialization.
[[0;32m  OK  [0m] Started Set console font and keymap.
[[0;32m  OK  [0m] Started Wait for Network to be Configured.
         Starting Initial cloud-init job (metadata service crawler)...
[   14.669007] cloud-init[908]: Cloud-init v. 18.4-0ubuntu1~18.04.1 running 'init' at Fri, 01 Feb 2019 10:48:14 +0000. Up 14.56 seconds.
[   14.674167] cloud-init[908]: ci-info: ++++++++++++++++++++++++++++++++++++++Net device info++++++++++++++++++++++++++++++++++++++
[   14.691737] cloud-init[908]: ci-info: +--------+-------+---------------------------+---------------+--------+-------------------+
[   14.693318] cloud-init[908]: ci-info: | Device |   Up  |          Address          |      Mask     | Scope  |     Hw-Address    |
[   14.700336] cloud-init[908]: ci-info: +--------+-------+---------------------------+---------------+--------+-------------------+
[   14.701704] cloud-init[908]: ci-info: | enp0s3 |  True |         10.0.2.15         | 255.255.255.0 | global | 02:fc:ab:43:0a:1b |
[   14.702954] cloud-init[908]: ci-info: | enp0s3 |  True | fe80::fc:abff:fe43:a1b/64 |       .       |  link  | 02:fc:ab:43:0a:1b |
[   14.704196] cloud-init[908]: ci-info: | enp0s8 | False |             .             |       .       |   .    | 08:00:27:4d:e7:e5 |
[   14.705468] cloud-init[908]: ci-info: |   lo   |  True |         127.0.0.1         |   255.0.0.0   |  host  |         .         |
[   14.706863] cloud-init[908]: ci-info: |   lo   |  True |          ::1/128          |       .       |  host  |         .         |
[   14.708227] cloud-init[908]: ci-info: +--------+-------+---------------------------+---------------+--------+-------------------+
[   14.709661] cloud-init[908]: ci-info: ++++++++++++++++++++++++++++Route IPv4 info+++++++++++++++++++++++++++++
[   14.710817] cloud-init[908]: ci-info: +-------+-------------+----------+-----------------+-----------+-------+
[   14.711943] cloud-init[908]: ci-info: | Route | Destination | Gateway  |     Genmask     | Interface | Flags |
[   14.713039] cloud-init[908]: ci-info: +-------+-------------+----------+-----------------+-----------+-------+
[   14.714227] cloud-init[908]: ci-info: |   0   |   0.0.0.0   | 10.0.2.2 |     0.0.0.0     |   enp0s3  |   UG  |
[   14.715353] cloud-init[908]: ci-info: |   1   |   10.0.2.0  | 0.0.0.0  |  255.255.255.0  |   enp0s3  |   U   |
[   14.716504] cloud-init[908]: ci-info: |   2   |   10.0.2.2  | 0.0.0.0  | 255.255.255.255 |   enp0s3  |   UH  |
[   14.717588] cloud-init[908]: ci-info: +-------+-------------+----------+-----------------+-----------+-------+
[   14.718697] cloud-init[908]: ci-info: +++++++++++++++++++Route IPv6 info+++++++++++++++++++
[   14.719633] cloud-init[908]: ci-info: +-------+-------------+---------+-----------+-------+
[   14.720591] cloud-init[908]: ci-info: | Route | Destination | Gateway | Interface | Flags |
[   14.721564] cloud-init[908]: ci-info: +-------+-------------+---------+-----------+-------+
[   14.722522] cloud-init[908]: ci-info: |   1   |  fe80::/64  |    ::   |   enp0s3  |   U   |
[   14.723891] cloud-init[908]: ci-info: |   3   |    local    |    ::   |   enp0s3  |   U   |
[   14.724781] cloud-init[908]: ci-info: |   4   |   ff00::/8  |    ::   |   enp0s3  |   U   |
[   14.725721] cloud-init[908]: ci-info: +-------+-------------+---------+-----------+-------+
[   15.702539] cloud-init[908]: Generating public/private rsa key pair.
[   15.703175] cloud-init[908]: Your identification has been saved in /etc/ssh/ssh_host_rsa_key.
[   15.703863] cloud-init[908]: Your public key has been saved in /etc/ssh/ssh_host_rsa_key.pub.
[   15.704560] cloud-init[908]: The key fingerprint is:
[[0;32m  OK  [0m] Started Initial cloud-init job (metadata service crawler).
[[0;32m  OK  [0m] Reached target Network is Online.
[   15.794535] cloud-init[908]: SHA256:HOCIMQsUFNVlZYRLMTbv93StlH6Mlx1TbV7tx3Sfb3E root@ubuntu-bionic
[   15.843133] cloud-init[908]: The key's randomart image is:
[   15.845737] cloud-init[908]: +---[RSA 2048]----+
[   15.847837] cloud-init[908]: |+=*.. oB=+       |
         Starting Availability of block devices...
[[0;32m  OK  [0m] Reached target Remote File Systems (Pre).
[[0;32m  OK  [0m] Reached target Remote File Systems.
[[0;32m  OK  [0m] Reached target Cloud-config availability.[   15.850089] cloud-init[908]: | . = +o+=       o|
[   15.861795] cloud-init[908]: |  o . o o.      O|
[   15.862245] cloud-init[908]: |       o..     BB|
[   15.862673] cloud-init[908]: |        S. . .o*E|
[   15.863656] cloud-init[908]: |          . oo.+X|
[   15.865911] cloud-init[908]: |             .+.B|
[   15.866945] cloud-init[908]: |               + |
[   15.867393] cloud-init[908]: |                 |
[   15.867871] cloud-init[908]: +----[SHA256]-----+
[   15.868624] cloud-init[908]: Generating public/private dsa key pair.
[   15.868946] cloud-init[908]: Your identification has been saved in /etc/ssh/ssh_host_dsa_key.
[   15.869278] cloud-init[908]: Your public key has been saved in /etc/ssh/ssh_host_dsa_key.pub.
[   15.869951] cloud-init[908]: The key fingerprint is:
[   15.870672] cloud-init[908]: SHA256:/MUno+Iq4XQuw77ABIGarGJgyr1yRT/9Gk/NYJxD2ug root@ubuntu-bionic
[   15.870982] cloud-init[908]: The key's randomart image is:
[   15.871302] cloud-init[908]: +---[DSA 1024]----+
[   15.871640] cloud-init[908]: |o                |
[   15.871995] cloud-init[908]: |..               |
[   15.877255] cloud-init[908]: |+.         .     |
[   15.877464] cloud-init[908]: |++   . .  *..    |
[   15.877738] cloud-init[908]: |* o . . So B= .  |
[   15.877987] cloud-init[908]: |+= .o..o.o.o=+   |
[   15.878442] cloud-init[908]: |o o+o+  oE+. o   |
[   15.878638] cloud-init[908]: | . +* .. .+.     |
[   15.878846] cloud-init[908]: |  o.o=......     |
[   15.879061] cloud-init[908]: +----[SHA256]-----+
[   15.879269] cloud-init[908]: Generating public/private ecdsa key pair.
[   15.879481] cloud-init[908]: Your identification has been saved in /etc/ssh/ssh_host_ecdsa_key.
[   15.879697] cloud-init[908]: Your public key has been saved in /etc/ssh/ssh_host_ecdsa_key.pub.
[   15.879909] cloud-init[908]: The key fingerprint is:
[   15.880365] cloud-init[908]: SHA256:KSQmx/LqFNozyJmhgqtHxedoPfp5oA9nUSIqibKPb/I root@ubuntu-bionic
[   15.880558] cloud-init[908]: The key's randomart image is:
[   15.880757] cloud-init[908]: +---[ECDSA 256]---+
[   15.880972] cloud-init[908]: |                 |
[   15.881179] cloud-init[908]: |   .             |
[   15.881398] cloud-init[908]: |  o.* o .        |
[   15.881619] cloud-init[908]: |.. Bo+.o .       |
[   15.881824] cloud-init[908]: |=.o..=o S        |
[   15.882034] cloud-init[908]: |=*=oo =o         |
[   15.882245] cloud-init[908]: |B=*..ooo         |
[   15.882453] cloud-init[908]: |o*ooo+ ..        |
[   15.882669] cloud-init[908]: |=*E  o+.         |
[   15.882876] cloud-init[908]: +----[SHA256]-----+
[   15.883095] cloud-init[908]: Generating public/private ed25519 key pair.
[   15.883280] cloud-init[908]: Your identification has been saved in /etc/ssh/ssh_host_ed25519_key.
[   15.883457] cloud-init[908]: Your public key has been saved in /etc/ssh/ssh_host_ed25519_key.pub.
[   15.883634] cloud-init[908]: The key fingerprint is:
[   15.883810] cloud-init[908]: SHA256:X1LvmDq2u+Lv1qk3fzEeYQacf8Gh9dzP4qdeIx+4tL0 root@ubuntu-bionic
[   15.884000] cloud-init[908]: The key's randomart image is:
[   15.884361] cloud-init[908]: +--[ED25519 256]--+
[   15.884540] cloud-init[908]: |            . oo.|
[   15.884716] cloud-init[908]: |             +o+o|
[   15.884899] cloud-init[908]: |            ..o =|
[   15.885069] cloud-init[908]: |           . . *o|
[   15.885250] cloud-init[908]: |        S . . = =|
[   15.885425] cloud-init[908]: |         . o =.= |
[   15.885610] cloud-init[908]: |          ..o=+o*|
[   15.885786] cloud-init[908]: |        . +.* *=+|
[   15.885991] cloud-init[908]: |       ..*OB *+E.|
[   15.886152] cloud-init[908]: +----[SHA256]-----+

[[0;32m  OK  [0m] Reached target System Initialization.
         Starting LXD - unix socket.
[[0;32m  OK  [0m] Listening on D-Bus System Message Bus Socket.
[[0;32m  OK  [0m] Started ACPI Events Check.
[[0;32m  OK  [0m] Reached target Paths.
[[0;32m  OK  [0m] Listening on Open-iSCSI iscsid Socket.
[[0;32m  OK  [0m] Started Daily Cleanup of Temporary Directories.
[[0;32m  OK  [0m] Started Message of the Day.
         Starting Socket activation for snappy daemon.
[[0;32m  OK  [0m] Started Discard unused blocks once a week.
[[0;32m  OK  [0m] Listening on UUID daemon activation socket.
[[0;32m  OK  [0m] Started Daily apt download activities.
[[0;32m  OK  [0m] Started Daily apt upgrade and clean activities.
[[0;32m  OK  [0m] Reached target Timers.
[[0;32m  OK  [0m] Listening on ACPID Listen Socket.
[[0;32m  OK  [0m] Started Availability of block devices.
[[0;32m  OK  [0m] Listening on LXD - unix socket.
[[0;32m  OK  [0m] Listening on Socket activation for snappy daemon.
[[0;32m  OK  [0m] Reached target Sockets.
[[0;32m  OK  [0m] Reached target Basic System.
[[0;32m  OK  [0m] Started FUSE filesystem for LXC.
         Starting Login Service...
[[0;32m  OK  [0m] Started irqbalance daemon.
[[0;32m  OK  [0m] Started D-Bus System Message Bus.
         Starting LSB: Record successful boot for GRUB...
         Starting System Logging Service...
         Starting Snappy daemon...
         Starting Accounts Service...
         Starting Virtualbox guest utils...
         Starting LSB: automatic crash report generation...
[[0;32m  OK  [0m] Started Deferred execution scheduler.
         Starting Dispatcher daemon for systemd-networkd...
         Starting Pollinate to seed the pseudo random number generator...
[[0;32m  OK  [0m] Started Regular background program processing daemon.
         Starting Permit User Sessions...
         Starting LXD - container startup/shutdown...
[[0;32m  OK  [0m] Started System Logging Service.
[[0;32m  OK  [0m] Started Login Service.
[[0;32m  OK  [0m] Started Unattended Upgrades Shutdown.
[[0;32m  OK  [0m] Started Permit User Sessions.
[[0;32m  OK  [0m] Started LSB: automatic crash report generation.
         Starting Terminate Plymouth Boot Screen...
         Starting Hold until boot process finishes up...
         Starting Authorization Manager...
[[0;32m  OK  [0m] Started Hold until boot process finishes up.
[[0;32m  OK  [0m] Started Serial Getty on ttyS0.
         Starting Set console scheme...
[[0;32m  OK  [0m] Started Terminate Plymouth Boot Screen.
[[0;32m  OK  [0m] Started Set console scheme.
[[0;32m  OK  [0m] Created slice system-getty.slice.
[[0;32m  OK  [0m] Started Getty on tty1.
[[0;32m  OK  [0m] Reached target Login Prompts.
[[0;32m  OK  [0m] Started LSB: Record successful boot for GRUB.
[[0;32m  OK  [0m] Started Authorization Manager.
[[0;32m  OK  [0m] Started Accounts Service.
[[0;32m  OK  [0m] Started Virtualbox guest utils.
[[0;32m  OK  [0m] Started LXD - container startup/shutdown.
[[0;32m  OK  [0m] Started Snappy daemon.
         Starting Wait until snapd is fully seeded...
[[0;32m  OK  [0m] Started Dispatcher daemon for systemd-networkd.
[[0;32m  OK  [0m] Started Pollinate to seed the pseudo random number generator.
         Starting OpenBSD Secure Shell server...
[[0;32m  OK  [0m] Started OpenBSD Secure Shell server.
[[0;32m  OK  [0m] Created slice User Slice of vagrant.
         Starting User Manager for UID 1000...
[[0;32m  OK  [0m] Started Session 1 of user vagrant.
[[0;32m  OK  [0m] Started User Manager for UID 1000.
[[0;32m  OK  [0m] Started Wait until snapd is fully seeded.
         Starting Apply the settings specified in cloud-config...
[[0;32m  OK  [0m] Reached target Multi-User System.
[[0;32m  OK  [0m] Reached target Graphical Interface.
         Starting Update UTMP about System Runlevel Changes...
[[0;32m  OK  [0m] Started Update UTMP about System Runlevel Changes.
[   19.492363] cloud-init[1574]: Cloud-init v. 18.4-0ubuntu1~18.04.1 running 'modules:config' at Fri, 01 Feb 2019 10:48:18 +0000. Up 19.17 seconds.
[[0;32m  OK  [0m] Started Apply the settings specified in cloud-config.
         Starting Execute cloud user/final scripts...
ci-info: no authorized ssh keys fingerprints found for user ubuntu.
<14>Feb  1 10:48:19 ec2: 
<14>Feb  1 10:48:19 ec2: #############################################################
<14>Feb  1 10:48:19 ec2: -----BEGIN SSH HOST KEY FINGERPRINTS-----
<14>Feb  1 10:48:19 ec2: 1024 SHA256:/MUno+Iq4XQuw77ABIGarGJgyr1yRT/9Gk/NYJxD2ug root@ubuntu-bionic (DSA)
<14>Feb  1 10:48:19 ec2: 256 SHA256:KSQmx/LqFNozyJmhgqtHxedoPfp5oA9nUSIqibKPb/I root@ubuntu-bionic (ECDSA)
<14>Feb  1 10:48:19 ec2: 256 SHA256:X1LvmDq2u+Lv1qk3fzEeYQacf8Gh9dzP4qdeIx+4tL0 root@ubuntu-bionic (ED25519)
<14>Feb  1 10:48:19 ec2: 2048 SHA256:HOCIMQsUFNVlZYRLMTbv93StlH6Mlx1TbV7tx3Sfb3E root@ubuntu-bionic (RSA)
<14>Feb  1 10:48:19 ec2: -----END SSH HOST KEY FINGERPRINTS-----
<14>Feb  1 10:48:19 ec2: #############################################################
-----BEGIN SSH HOST KEY KEYS-----
ecdsa-sha2-nistp256 AAAAE2VjZHNhLXNoYTItbmlzdHAyNTYAAAAIbmlzdHAyNTYAAABBBEY0OJcpW+3wu+r5U/VVmVPVbLP/IdwFYSjIfkbdsnbHVbeUW2639STuvoSOoDW1VtgqKXuKSpO5Q0RrSOphhmA= root@ubuntu-bionic
ssh-ed25519 AAAAC3NzaC1lZDI1NTE5AAAAIIoTFTyNvVLAYJbiryTnltEjR5RHJdF7hJzFdm6c3ugB root@ubuntu-bionic
ssh-rsa AAAAB3NzaC1yc2EAAAADAQABAAABAQC6IPq+tV4OR7sBnnZAgE6VFUVw5xXsf2uS0umyzFkc+Zg6nz//By2e/0XybAK4vlpBaT9SPVWw/AfPn/mQZeJgoU5IVhXas/PEEgQpgimgJ3bSATDY8MOTYHY4vIKZe2v2Kvxo3l8vBr4JMsUlM3Fl5U4aJRvbvtt/z+ejEl+uy81E5aC+pddhD3RBYZOHXkOZFqGQraOp4NAtusSMeG7qMuWP6v37H30PRjseJc2ULgCA4b97Pb30HogNu5o30l95IWCq0ehiVwQbhNItb5AyWuDqVgDcZ8yRgfb9wdjKU2O5Fd92va+erNHlbwZFuPuUNhNjz6bUm1DSevWkZzf5 root@ubuntu-bionic
-----END SSH HOST KEY KEYS-----
[   19.919637] cloud-init[1660[[0;32m  OK  [0m] Stopped tae         Stopping kafka.service...
         Stopping LXD - container startup/shutdown...
         Stopping Regular background program processing daemon...
         Stopping Virtualbox guest utils...
         Stopping LSB: automatic crash report generation...
         Stopping LSB: Record successful boot for GRUB...
[[0;32m  OK  [0m] Unmounted /var/lib/lxcfs.
[[0;32m  OK  [0m] St         Stopping Authorization Manager...
         Stopping Session 8 of user vagrant.
[[0;32m  OK  [0m] Stopped target Graphical Inr         Stopping Getty on tty1...
         Stopping Regular background program processing daemon...
         Stopping irqbalance daemon...
         Stopping LSB: automatic crash report generation...
         Stopping Availability of block devices...
[[0;32m  OK  [0m] Closed Load/Save RF Kill Switch Status /dev/rfkill Watch.
[[0;32m  OK  [0m] Stopped target Timers.
[[0;32m  OK  [0m] Stopped Discard unused blocks once a week.
[[0;32m  OK  [0m] Stopped Daily apt upgrade and clean activities.
[[0;32m  OK  [0m] Stopped Daily Cleanup of Temporary Directories.
[[0;32m  OK  [0m] Stopped Message of the Day.
         Stopping OpenBSD Secure Shell server...
         Stopping Deferred execution scheduler...
         Stopping FUSE filesystem for LXC...
         Stopping User Manager for UID 1000...
[[0;32m  OK  [0m] Stopped Daily apt download activities.
[[0;32m  OK  [0m] Stopped target System Time Synchronized.
         Stopping D-Bus System Message Bus...
         Stopping Accounts Service...
[[0;32m  OK  [0m] Stopped Apply the settings specified in cloud-config.
[[0;32m  OK  [0m] Stopped target Network is Online.
[[0;32m  OK  [0m] Stopped target Cloud-config availability.
[[0;32m  OK  [0m] Stopped Wait until snapd is fully seeded.
         Stopping Snappy daemon...
         Stopping System Logging Service...
         Stopping Unattended Upgrades Shutdown...
[[0;32m  OK  [0m] Unmounted /var/lib/lxcfs.
[[0;32m  OK  [0m] Stopped Dispatcher daemon for systemd-networkd.
[[0;32m  OK  [0m] Stopped irqbalance daemon.
[[0;32m  OK  [0m] Stopped Accounts Service.
[[0;32m  OK  [0m] Stopped Regular background program processing daemon.
[[0;32m  OK  [0m] Stopped Snappy daemon.
[[0;32m  OK  [0m] Stopped System Logging Service.
[[0;32m  OK  [0m] Stopped Deferred execution scheduler.
[[0;32m  OK  [0m] Stopped Authorization Manager.
[[0;32m  OK  [0m] Stopped Serial Getty on ttyS0.
[[0;32m  OK  [0m] Stopped Unattended Upgrades Shutdown.
[[0;32m  OK  [0m] Stopped Getty on tty1.
[[0;32m  OK  [0m] Stopped OpenBSD Secure Shell server.
[[0;32m  OK  [0m] Stopped User Manager for UID 1000.
[[0;32m  OK  [0m] Stopped Availability of block devices.
[[0;32m  OK  [0m] Stopped D-Bus System Message Bus.
[[0;32m  OK  [0m] Stopped FUSE filesystem for LXC.
[[0;32m  OK  [0m] Stopped Session 3 of user vagrant.
[[0;32m  OK  [0m] Stopped Session 8 of user vagrant.
[[0;32m  OK  [0m] Stopped LXD - container startup/shutdown.
[[0;32m  OK  [0m] Removed slice User Slice of vagrant.
[[0;32m  OK  [0m] Removed slice system-getty.slice.
         Stopping Login Service...
[[0;32m  OK  [0m] Removed slice system-serial\x2dgetty.slice.
         Stopping Permit User Sessions...
[[0;32m  OK  [0m] Stopped Permit User Sessions.
[[0;32m  OK  [0m] Stopped LSB: Record successful boot for GRUB.
[[0;32m  OK  [0m] Stopped LSB: automatic crash report generation.
[[0;32m  OK  [0m] Stopped target Remote File Systems.
[[0;32m  OK  [0m] Stopped target Remote File Systems (Pre).
[[0;32m  OK  [0m] Stopped Virtualbox guest utils.
[[0;32m  OK  [0m] Stopped Login Service.
[[0;32m  OK  [0m] Stopped target User and Group Name Lookups.
[[0m[0;31m*     [0m] A stop job is running for kafka.service (5s / 1min 30s)[K[[0;1;31m*[0m[0;31m*    [0m] A stop job is running for kafka.service (5s / 1min 30s)[K[[0;31m*[0;1;31m*[0m[0;31m*   [0m] A stop job is running for kafka.service (6s / 1min 30s)[K[ [0;31m*[0;1;31m*[0m[0;31m*  [0m] A stop job is running for kafka.service (6s / 1min 30s)[K[  [0;31m*[0;1;31m*[0m[0;31m* [0m] A stop job is running for kafka.service (7s / 1min 30s)[K[   [0;31m*[0;1;31m*[0m[0;31m*[0m] A stop job is running for kafka.service (7s / 1min 30s)[K[    [0;31m*[0;1;31m*[0m] A stop job is running for kafka.service (8s / 1min 30s)[K[     [0;31m*[0m] A stop job is running for kafka.service (8s / 1min 30s)[K[    [0;31m*[0;1;31m*[0m] A stop job is running for kafka.service (9s / 1min 30s)[K[   [0;31m*[0;1;31m*[0m[0;31m*[0m] A stop job is running for kafka.service (9s / 1min 30s)[K[  [0;31m*[0;1;31m*[0m[0;31m* [0m] A stop job is running for kafka.service (10s / 1min 30s)[K[ [0;31m*[0;1;31m*[0m[0;31m*  [0m] A stop job is running for kafka.service (10s / 1min 30s)[K[[0;31m*[0;1;31m*[0m[0;31m*   [0m] A stop job is running for kafka.service (11s / 1min 30s)[K[[0;1;31m*[0m[0;31m*    [0m] A stop job is running for kafka.service (11s / 1min 30s)[K[[0m[0;31m*     [0m] A stop job is running for kafka.service (12s / 1min 30s)[K[[0;1;31m*[0m[0;31m*    [0m] A stop job is running for kafka.service (12s / 1min 30s)[K[[0;31m*[0;1;31m*[0m[0;31m*   [0m] A stop job is running for kafka.service (13s / 1min 30s)[K[ [0;31m*[0;1;31m*[0m[0;31m*  [0m] A stop job is running for kafka.service (13s / 1min 30s)[K[  [0;31m*[0;1;31m*[0m[0;31m* [0m] A stop job is running for kafka.service (14s / 1min 30s)[K[   [0;31m*[0;1;31m*[0m[0;31m*[0m] A stop job is running for kafka.service (14s / 1min 30s)[K[    [0;31m*[0;1;31m*[0m] A stop job is running for kafka.service (15s / 1min 30s)[K[     [0;31m*[0m] A stop job is running for kafka.service (15s / 1min 30s)[K[    [0;31m*[0;1;31m*[0m] A stop job is running for kafka.service (16s / 1min 30s)[K[   [0;31m*[0;1;31m*[0m[0;31m*[0m] A stop job is running for kafka.service (16s / 1min 30s)[K[  [0;31m*[0;1;31m*[0m[0;31m* [0m] A stop job is running for kafka.service (17s / 1min 30s)[K[ [0;31m*[0;1;31m*[0m[0;31m*  [0m] A stop job is running for kafka.service (17s / 1min 30s)[K[[0;31m*[0;1;31m*[0m[0;31m*   [0m] A stop job is running for kafka.service (18s / 1min 30s)[K[[0;1;31m*[0m[0;31m*    [0m] A stop job is running for kafka.service (18s / 1min 30s)[K[[0m[0;31m*     [0m] A stop job is running for kafka.service (19s / 1min 30s)[K[[0;1;31m*[0m[0;31m*    [0m] A stop job is running for kafka.service (19s / 1min 30s)[K[[0;31m*[0;1;31m*[0m[0;31m*   [0m] A stop job is running for kafka.service (20s / 1min 30s)[K[ [0;31m*[0;1;31m*[0m[0;31m*  [0m] A stop job is running for kafka.service (20s / 1min 30s)[K[  [0;31m*[0;1;31m*[0m[0;31m* [0m] A stop job is running for kafka.service (21s / 1min 30s)[K[   [0;31m*[0;1;31m*[0m[0;31m*[0m] A stop job is running for kafka.service (21s / 1min 30s)[K[    [0;31m*[0;1;31m*[0m] A stop job is running for kafka.service (22s / 1min 30s)[K[     [0;31m*[0m] A stop job is running for kafka.service (22s / 1min 30s)[K[    [0;31m*[0;1;31m*[0m] A stop job is running for kafka.service (23s / 1min 30s)[K[   [0;31m*[0;1;31m*[0m[0;31m*[0m] A stop job is running for kafka.service (23s / 1min 30s)[K[  [0;31m*[0;1;31m*[0m[0;31m* [0m] A stop job is running for kafka.service (24s / 1min 30s)[K[ [0;31m*[0;1;31m*[0m[0;31m*  [0m] A stop job is running for kafka.service (24s / 1min 30s)[K[[0;31m*[0;1;31m*[0m[0;31m*   [0m] A stop job is running for kafka.service (25s / 1min 30s)[K[[0;1;31m*[0m[0;31m*    [0m] A stop job is running for kafka.service (25s / 1min 30s)[K[[0m[0;31m*     [0m] A stop job is running for kafka.service (26s / 1min 30s)[K[[0;1;31m*[0m[0;31m*    [0m] A stop job is running for kafka.service (26s / 1min 30s)[K[[0;31m*[0;1;31m*[0m[0;31m*   [0m] A stop job is running for kafka.service (27s / 1min 30s)[K[ [0;31m*[0;1;31m*[0m[0;31m*  [0m] A stop job is running for kafka.service (27s / 1min 30s)[K[  [0;31m*[0;1;31m*[0m[0;31m* [0m] A stop job is running for kafka.service (28s / 1min 30s)[K[   [0;31m*[0;1;31m*[0m[0;31m*[0m] A stop job is running for kafka.service (28s / 1min 30s)[K[    [0;31m*[0;1;31m*[0m] A stop job is running for kafka.service (29s / 1min 30s)[K[     [0;31m*[0m] A stop job is running for kafka.service (29s / 1min 30s)[K[    [0;31m*[0;1;31m*[0m] A stop job is running for kafka.service (30s / 1min 30s)[K[   [0;31m*[0;1;31m*[0m[0;31m*[0m] A stop job is running for kafka.service (30s / 1min 30s)[K[  [0;31m*[0;1;31m*[0m[0;31m* [0m] A stop job is running for kafka.service (31s / 1min 30s)[K[ [0;31m*[0;1;31m*[0m[0;31m*  [0m] A stop job is running for kafka.service (31s / 1min 30s)[K[[0;31m*[0;1;31m*[0m[0;31m*   [0m] A stop job is running for kafka.service (32s / 1min 30s)[K[[0;1;31m*[0m[0;31m*    [0m] A stop job is running for kafka.service (32s / 1min 30s)[K[[0m[0;31m*     [0m] A stop job is running for kafka.service (33s / 1min 30s)[K[[0;1;31m*[0m[0;31m*    [0m] A stop job is running for kafka.service (33s / 1min 30s)[K[[0;31m*[0;1;31m*[0m[0;31m*   [0m] A stop job is running for kafka.service (34s / 1min 30s)[K[ [0;31m*[0;1;31m*[0m[0;31m*  [0m] A stop job is running for kafka.service (34s / 1min 30s)[K[  [0;31m*[0;1;31m*[0m[0;31m* [0m] A stop job is running for kafka.service (35s / 1min 30s)[K[   [0;31m*[0;1;31m*[0m[0;31m*[0m] A stop job is running for kafka.service (35s / 1min 30s)[K[    [0;31m*[0;1;31m*[0m] A stop job is running for kafka.service (36s / 1min 30s)[K[     [0;31m*[0m] A stop job is running for kafka.service (36s / 1min 30s)[K[    [0;31m*[0;1;31m*[0m] A stop job is running for kafka.service (37s / 1min 30s)[K[   [0;31m*[0;1;31m*[0m[0;31m*[0m] A stop job is running for kafka.service (37s / 1min 30s)[K[  [0;31m*[0;1;31m*[0m[0;31m* [0m] A stop job is running for kafka.service (38s / 1min 30s)[K[ [0;31m*[0;1;31m*[0m[0;31m*  [0m] A stop job is running for kafka.service (38s / 1min 30s)[K[[0;31m*[0;1;31m*[0m[0;31m*   [0m] A stop job is running for kafka.service (39s / 1min 30s)[K[[0;1;31m*[0m[0;31m*    [0m] A stop job is running for kafka.service (40s / 1min 30s)[K[[0m[0;31m*     [0m] A stop job is running for kafka.service (40s / 1min 30s)[K[[0;1;31m*[0m[0;31m*    [0m] A stop job is running for kafka.service (40s / 1min 30s)[K[[0;31m*[0;1;31m*[0m[0;31m*   [0m] A stop job is running for kafka.service (41s / 1min 30s)[K[ [0;31m*[0;1;31m*[0m[0;31m*  [0m] A stop job is running for kafka.service (41s / 1min 30s)[K[  [0;31m*[0;1;31m*[0m[0;31m* [0m] A stop job is running for kafka.service (42s / 1min 30s)[K[   [0;31m*[0;1;31m*[0m[0;31m*[0m] A stop job is running for kafka.service (42s / 1min 30s)[K[    [0;31m*[0;1;31m*[0m] A stop job is running for kafka.service (43s / 1min 30s)[K[     [0;31m*[0m] A stop job is running for kafka.service (43s / 1min 30s)[K[    [0;31m*[0;1;31m*[0m] A stop job is running for kafka.service (44s / 1min 30s)[K[   [0;31m*[0;1;31m*[0m[0;31m*[0m] A stop job is running for kafka.service (44s / 1min 30s)[K[  [0;31m*[0;1;31m*[0m[0;31m* [0m] A stop job is running for kafka.service (45s / 1min 30s)[K[ [0;31m*[0;1;31m*[0m[0;31m*  [0m] A stop job is running for kafka.service (45s / 1min 30s)[K[[0;31m*[0;1;31m*[0m[0;31m*   [0m] A stop job is running for kafka.service (46s / 1min 30s)[K[[0;1;31m*[0m[0;31m*    [0m] A stop job is running for kafka.service (46s / 1min 30s)[K[[0m[0;31m*     [0m] A stop job is running for kafka.service (47s / 1min 30s)[K[[0;1;31m*[0m[0;31m*    [0m] A stop job is running for kafka.service (47s / 1min 30s)[K[[0;31m*[0;1;31m*[0m[0;31m*   [0m] A stop job is running for kafka.service (48s / 1min 30s)[K[ [0;31m*[0;1;31m*[0m[0;31m*  [0m] A stop job is running for kafka.service (48s / 1min 30s)[K[  [0;31m*[0;1;31m*[0m[0;31m* [0m] A stop job is running for kafka.service (49s / 1min 30s)[K[   [0;31m*[0;1;31m*[0m[0;31m*[0m] A stop job is running for kafka.service (49s / 1min 30s)[K[    [0;31m*[0;1;31m*[0m] A stop job is running for kafka.service (50s / 1min 30s)[K[     [0;31m*[0m] A stop job is running for kafka.service (50s / 1min 30s)[K[    [0;31m*[0;1;31m*[0m] A stop job is running for kafka.service (51s / 1min 30s)[K[   [0;31m*[0;1;31m*[0m[0;31m*[0m] A stop job is running for kafka.service (51s / 1min 30s)[K[  [0;31m*[0;1;31m*[0m[0;31m* [0m] A stop job is running for kafka.service (52s / 1min 30s)[K[ [0;31m*[0;1;31m*[0m[0;31m*  [0m] A stop job is running for kafka.service (52s / 1min 30s)[K[[0;31m*[0;1;31m*[0m[0;31m*   [0m] A stop job is running for kafka.service (53s / 1min 30s)[K[[0;1;31m*[0m[0;31m*    [0m] A stop job is running for kafka.service (53s / 1min 30s)[K[[0m[0;31m*     [0m] A stop job is running for kafka.service (54s / 1min 30s)[K[[0;1;31m*[0m[0;31m*    [0m] A stop job is running for kafka.service (54s / 1min 30s)[K[[0;31m*[0;1;31m*[0m[0;31m*   [0m] A stop job is running for kafka.service (55s / 1min 30s)[K[ [0;31m*[0;1;31m*[0m[0;31m*  [0m] A stop job is running for kafka.service (55s / 1min 30s)[K[  [0;31m*[0;1;31m*[0m[0;31m* [0m] A stop job is running for kafka.service (56s / 1min 30s)[K[   [0;31m*[0;1;31m*[0m[0;31m*[0m] A stop job is running for kafka.service (56s / 1min 30s)[K[    [0;31m*[0;1;31m*[0m] A stop job is running for kafka.service (57s / 1min 30s)[K[     [0;31m*[0m] A stop job is running for kafka.service (58s / 1min 30s)[K[    [0;31m*[0;1;31m*[0m] A stop job is running for kafka.service (58s / 1min 30s)[K[   [0;31m*[0;1;31m*[0m[0;31m*[0m] A stop job is running for kafka.service (58s / 1min 30s)[K[  [0;31m*[0;1;31m*[0m[0;31m* [0m] A stop job is running for kafka.service (59s / 1min 30s)[K[ [0;31m*[0;1;31m*[0m[0;31m*  [0m] A stop job is running for kafka.service (59s / 1min 30s)